<?xml version="1.0" encoding="UTF-8"?>
<testsuite xmlns:xsi="http://www.w3.org/2001/XMLSchema-instance" xsi:noNamespaceSchemaLocation="https://maven.apache.org/surefire/maven-surefire-plugin/xsd/surefire-test-report-3.0.xsd" version="3.0" name="mca.palindromeTest" time="0.032" tests="3" errors="0" skipped="0" failures="0">
  <properties>
[...]
</properties>
  <testcase name="testApp" classname="mca.palindromeTest" time="0.018"/>
  <testcase name="testApp1" classname="mca.palindromeTest" time="0.001"/>
  <testcase name="testApp2" classname="mca.palindromeTest" time="0.001"/>
</testsuite>